{"C:\\Users\\Wolfe\\Documents\\FERI\\mag\\RIRS\\forks\\rirs-backend\\src\\index.ts": {"path":"C:\\Users\\Wolfe\\Documents\\FERI\\mag\\RIRS\\forks\\rirs-backend\\src\\index.ts","statementMap":{"0":{"start":{"line":1,"column":0},"end":{"line":1,"column":34}},"1":{"start":{"line":2,"column":0},"end":{"line":2,"column":30}},"2":{"start":{"line":3,"column":0},"end":{"line":3,"column":24}},"3":{"start":{"line":4,"column":0},"end":{"line":4,"column":53}},"4":{"start":{"line":6,"column":0},"end":{"line":6,"column":43}},"5":{"start":{"line":7,"column":0},"end":{"line":7,"column":48}},"6":{"start":{"line":9,"column":0},"end":{"line":9,"column":51}},"7":{"start":{"line":10,"column":0},"end":{"line":10,"column":55}},"8":{"start":{"line":11,"column":0},"end":{"line":11,"column":43}},"9":{"start":{"line":13,"column":0},"end":{"line":13,"column":33}},"10":{"start":{"line":14,"column":0},"end":{"line":14,"column":16}},"11":{"start":{"line":16,"column":12},"end":{"line":16,"column":21}},"12":{"start":{"line":18,"column":0},"end":{"line":18,"column":16}},"13":{"start":{"line":19,"column":0},"end":{"line":19,"column":24}},"14":{"start":{"line":20,"column":0},"end":{"line":20,"column":47}},"15":{"start":{"line":22,"column":0},"end":{"line":22,"column":68}},"16":{"start":{"line":23,"column":0},"end":{"line":23,"column":null}},"17":{"start":{"line":24,"column":0},"end":{"line":24,"column":null}},"18":{"start":{"line":25,"column":0},"end":{"line":25,"column":null}},"19":{"start":{"line":27,"column":13},"end":{"line":27,"column":17}},"20":{"start":{"line":30,"column":0},"end":{"line":30,"column":17}},"21":{"start":{"line":32,"column":27},"end":{"line":38,"column":1}},"22":{"start":{"line":34,"column":20},"end":{"line":34,"column":37}},"23":{"start":{"line":35,"column":1},"end":{"line":35,"column":29}},"24":{"start":{"line":36,"column":1},"end":{"line":36,"column":25}},"25":{"start":{"line":37,"column":1},"end":{"line":37,"column":19}},"26":{"start":{"line":32,"column":13},"end":{"line":32,"column":27}},"27":{"start":{"line":40,"column":0},"end":{"line":40,"column":19}},"28":{"start":{"line":42,"column":0},"end":{"line":44,"column":1}},"29":{"start":{"line":43,"column":1},"end":{"line":43,"column":15}}},"fnMap":{"0":{"name":"(anonymous_7)","decl":{"start":{"line":32,"column":27},"end":{"line":32,"column":30}},"loc":{"start":{"line":32,"column":32},"end":{"line":38,"column":1}}}},"branchMap":{"0":{"loc":{"start":{"line":42,"column":0},"end":{"line":44,"column":1}},"type":"if","locations":[{"start":{"line":42,"column":0},"end":{"line":44,"column":1}}]}},"s":{"0":2,"1":2,"2":2,"3":2,"4":2,"5":2,"6":2,"7":2,"8":2,"9":2,"10":2,"11":2,"12":2,"13":2,"14":2,"15":2,"16":2,"17":2,"18":2,"19":2,"20":2,"21":2,"22":0,"23":0,"24":0,"25":0,"26":2,"27":2,"28":2,"29":0},"f":{"0":0},"b":{"0":[0]}}
,"C:\\Users\\Wolfe\\Documents\\FERI\\mag\\RIRS\\forks\\rirs-backend\\src\\controllers\\kpiController.ts": {"path":"C:\\Users\\Wolfe\\Documents\\FERI\\mag\\RIRS\\forks\\rirs-backend\\src\\controllers\\kpiController.ts","statementMap":{"0":{"start":{"line":3,"column":0},"end":{"line":3,"column":40}},"1":{"start":{"line":5,"column":22},"end":{"line":15,"column":2}},"2":{"start":{"line":5,"column":60},"end":{"line":15,"column":2}},"3":{"start":{"line":6,"column":4},"end":{"line":14,"column":5}},"4":{"start":{"line":7,"column":21},"end":{"line":7,"column":37}},"5":{"start":{"line":8,"column":8},"end":{"line":8,"column":35}},"6":{"start":{"line":10,"column":8},"end":{"line":13,"column":11}},"7":{"start":{"line":5,"column":13},"end":{"line":5,"column":22}},"8":{"start":{"line":17,"column":22},"end":{"line":28,"column":2}},"9":{"start":{"line":17,"column":60},"end":{"line":28,"column":2}},"10":{"start":{"line":18,"column":4},"end":{"line":27,"column":5}},"11":{"start":{"line":19,"column":20},"end":{"line":19,"column":37}},"12":{"start":{"line":20,"column":8},"end":{"line":20,"column":25}},"13":{"start":{"line":21,"column":8},"end":{"line":21,"column":34}},"14":{"start":{"line":23,"column":8},"end":{"line":26,"column":11}},"15":{"start":{"line":17,"column":13},"end":{"line":17,"column":22}}},"fnMap":{"0":{"name":"(anonymous_7)","decl":{"start":{"line":5,"column":22},"end":{"line":5,"column":29}},"loc":{"start":{"line":5,"column":60},"end":{"line":15,"column":2}}},"1":{"name":"(anonymous_8)","decl":{"start":{"line":5,"column":60},"end":{"line":5,"column":null}},"loc":{"start":{"line":5,"column":60},"end":{"line":15,"column":1}}},"2":{"name":"(anonymous_9)","decl":{"start":{"line":17,"column":22},"end":{"line":17,"column":29}},"loc":{"start":{"line":17,"column":60},"end":{"line":28,"column":2}}},"3":{"name":"(anonymous_10)","decl":{"start":{"line":17,"column":60},"end":{"line":17,"column":null}},"loc":{"start":{"line":17,"column":60},"end":{"line":28,"column":1}}}},"branchMap":{},"s":{"0":2,"1":2,"2":2,"3":2,"4":2,"5":2,"6":0,"7":2,"8":2,"9":2,"10":2,"11":2,"12":2,"13":1,"14":1,"15":2},"f":{"0":2,"1":2,"2":2,"3":2},"b":{}}
,"C:\\Users\\Wolfe\\Documents\\FERI\\mag\\RIRS\\forks\\rirs-backend\\src\\controllers\\strosekController.ts": {"path":"C:\\Users\\Wolfe\\Documents\\FERI\\mag\\RIRS\\forks\\rirs-backend\\src\\controllers\\strosekController.ts","statementMap":{"0":{"start":{"line":3,"column":0},"end":{"line":3,"column":48}},"1":{"start":{"line":5,"column":28},"end":{"line":15,"column":2}},"2":{"start":{"line":5,"column":66},"end":{"line":15,"column":2}},"3":{"start":{"line":6,"column":4},"end":{"line":14,"column":2}},"4":{"start":{"line":7,"column":18},"end":{"line":7,"column":38}},"5":{"start":{"line":8,"column":2},"end":{"line":8,"column":32}},"6":{"start":{"line":10,"column":2},"end":{"line":13,"column":5}},"7":{"start":{"line":5,"column":13},"end":{"line":5,"column":28}},"8":{"start":{"line":17,"column":28},"end":{"line":43,"column":2}},"9":{"start":{"line":17,"column":101},"end":{"line":43,"column":2}},"10":{"start":{"line":18,"column":4},"end":{"line":42,"column":5}},"11":{"start":{"line":19,"column":24},"end":{"line":27,"column":10}},"12":{"start":{"line":29,"column":32},"end":{"line":29,"column":54}},"13":{"start":{"line":30,"column":8},"end":{"line":36,"column":9}},"14":{"start":{"line":31,"column":12},"end":{"line":34,"column":15}},"15":{"start":{"line":35,"column":12},"end":{"line":35,"column":19}},"16":{"start":{"line":38,"column":8},"end":{"line":38,"column":29}},"17":{"start":{"line":39,"column":8},"end":{"line":39,"column":38}},"18":{"start":{"line":41,"column":2},"end":{"line":41,"column":12}},"19":{"start":{"line":17,"column":13},"end":{"line":17,"column":28}},"20":{"start":{"line":45,"column":31},"end":{"line":58,"column":null}},"21":{"start":{"line":45,"column":69},"end":{"line":58,"column":null}},"22":{"start":{"line":46,"column":4},"end":{"line":57,"column":7}},"23":{"start":{"line":47,"column":26},"end":{"line":47,"column":39}},"24":{"start":{"line":48,"column":8},"end":{"line":48,"column":58}},"25":{"start":{"line":49,"column":8},"end":{"line":51,"column":5}},"26":{"start":{"line":54,"column":2},"end":{"line":57,"column":7}},"27":{"start":{"line":45,"column":13},"end":{"line":45,"column":31}}},"fnMap":{"0":{"name":"(anonymous_7)","decl":{"start":{"line":5,"column":28},"end":{"line":5,"column":35}},"loc":{"start":{"line":5,"column":66},"end":{"line":15,"column":2}}},"1":{"name":"(anonymous_8)","decl":{"start":{"line":5,"column":66},"end":{"line":5,"column":null}},"loc":{"start":{"line":5,"column":66},"end":{"line":15,"column":1}}},"2":{"name":"(anonymous_9)","decl":{"start":{"line":17,"column":28},"end":{"line":17,"column":35}},"loc":{"start":{"line":17,"column":101},"end":{"line":43,"column":2}}},"3":{"name":"(anonymous_10)","decl":{"start":{"line":17,"column":101},"end":{"line":17,"column":null}},"loc":{"start":{"line":17,"column":101},"end":{"line":43,"column":1}}},"4":{"name":"(anonymous_11)","decl":{"start":{"line":45,"column":31},"end":{"line":45,"column":38}},"loc":{"start":{"line":45,"column":69},"end":{"line":58,"column":null}}},"5":{"name":"(anonymous_12)","decl":{"start":{"line":45,"column":69},"end":{"line":45,"column":null}},"loc":{"start":{"line":45,"column":69},"end":{"line":58,"column":1}}}},"branchMap":{"0":{"loc":{"start":{"line":30,"column":8},"end":{"line":36,"column":9}},"type":"if","locations":[{"start":{"line":30,"column":8},"end":{"line":36,"column":9}}]}},"s":{"0":2,"1":2,"2":2,"3":2,"4":2,"5":2,"6":0,"7":2,"8":2,"9":2,"10":2,"11":2,"12":2,"13":2,"14":1,"15":1,"16":1,"17":1,"18":0,"19":2,"20":2,"21":0,"22":0,"23":0,"24":0,"25":0,"26":0,"27":2},"f":{"0":2,"1":2,"2":2,"3":2,"4":0,"5":0},"b":{"0":[1]}}
,"C:\\Users\\Wolfe\\Documents\\FERI\\mag\\RIRS\\forks\\rirs-backend\\src\\controllers\\zaposlenController.ts": {"path":"C:\\Users\\Wolfe\\Documents\\FERI\\mag\\RIRS\\forks\\rirs-backend\\src\\controllers\\zaposlenController.ts","statementMap":{"0":{"start":{"line":3,"column":0},"end":{"line":3,"column":53}},"1":{"start":{"line":5,"column":28},"end":{"line":15,"column":2}},"2":{"start":{"line":5,"column":66},"end":{"line":15,"column":2}},"3":{"start":{"line":6,"column":4},"end":{"line":14,"column":5}},"4":{"start":{"line":7,"column":24},"end":{"line":7,"column":46}},"5":{"start":{"line":8,"column":8},"end":{"line":8,"column":38}},"6":{"start":{"line":10,"column":8},"end":{"line":13,"column":11}},"7":{"start":{"line":5,"column":13},"end":{"line":5,"column":28}},"8":{"start":{"line":17,"column":28},"end":{"line":33,"column":2}},"9":{"start":{"line":17,"column":66},"end":{"line":33,"column":2}},"10":{"start":{"line":18,"column":4},"end":{"line":32,"column":5}},"11":{"start":{"line":19,"column":24},"end":{"line":24,"column":10}},"12":{"start":{"line":25,"column":8},"end":{"line":25,"column":29}},"13":{"start":{"line":26,"column":8},"end":{"line":26,"column":38}},"14":{"start":{"line":28,"column":8},"end":{"line":31,"column":null}},"15":{"start":{"line":17,"column":13},"end":{"line":17,"column":28}},"16":{"start":{"line":35,"column":31},"end":{"line":49,"column":null}},"17":{"start":{"line":35,"column":69},"end":{"line":49,"column":null}},"18":{"start":{"line":36,"column":4},"end":{"line":48,"column":5}},"19":{"start":{"line":37,"column":28},"end":{"line":37,"column":41}},"20":{"start":{"line":38,"column":8},"end":{"line":38,"column":64}},"21":{"start":{"line":39,"column":8},"end":{"line":41,"column":11}},"22":{"start":{"line":44,"column":8},"end":{"line":47,"column":null}},"23":{"start":{"line":35,"column":13},"end":{"line":35,"column":31}}},"fnMap":{"0":{"name":"(anonymous_7)","decl":{"start":{"line":5,"column":28},"end":{"line":5,"column":35}},"loc":{"start":{"line":5,"column":66},"end":{"line":15,"column":2}}},"1":{"name":"(anonymous_8)","decl":{"start":{"line":5,"column":66},"end":{"line":5,"column":null}},"loc":{"start":{"line":5,"column":66},"end":{"line":15,"column":1}}},"2":{"name":"(anonymous_9)","decl":{"start":{"line":17,"column":28},"end":{"line":17,"column":35}},"loc":{"start":{"line":17,"column":66},"end":{"line":33,"column":2}}},"3":{"name":"(anonymous_10)","decl":{"start":{"line":17,"column":66},"end":{"line":17,"column":null}},"loc":{"start":{"line":17,"column":66},"end":{"line":33,"column":1}}},"4":{"name":"(anonymous_11)","decl":{"start":{"line":35,"column":31},"end":{"line":35,"column":38}},"loc":{"start":{"line":35,"column":69},"end":{"line":49,"column":null}}},"5":{"name":"(anonymous_12)","decl":{"start":{"line":35,"column":69},"end":{"line":35,"column":null}},"loc":{"start":{"line":35,"column":69},"end":{"line":49,"column":1}}}},"branchMap":{},"s":{"0":2,"1":2,"2":0,"3":0,"4":0,"5":0,"6":0,"7":2,"8":2,"9":0,"10":0,"11":0,"12":0,"13":0,"14":0,"15":2,"16":2,"17":0,"18":0,"19":0,"20":0,"21":0,"22":0,"23":2},"f":{"0":0,"1":0,"2":0,"3":0,"4":0,"5":0},"b":{}}
,"C:\\Users\\Wolfe\\Documents\\FERI\\mag\\RIRS\\forks\\rirs-backend\\src\\database\\connection.ts": {"path":"C:\\Users\\Wolfe\\Documents\\FERI\\mag\\RIRS\\forks\\rirs-backend\\src\\database\\connection.ts","statementMap":{"0":{"start":{"line":3,"column":0},"end":{"line":3,"column":16}},"1":{"start":{"line":1,"column":0},"end":{"line":1,"column":32}},"2":{"start":{"line":5,"column":17},"end":{"line":5,"column":36}},"3":{"start":{"line":6,"column":17},"end":{"line":6,"column":36}},"4":{"start":{"line":7,"column":21},"end":{"line":7,"column":44}},"5":{"start":{"line":8,"column":17},"end":{"line":8,"column":36}},"6":{"start":{"line":9,"column":15},"end":{"line":9,"column":22}},"7":{"start":{"line":11,"column":18},"end":{"line":11,"column":62}},"8":{"start":{"line":13,"column":1},"end":{"line":20,"column":2}},"9":{"start":{"line":14,"column":2},"end":{"line":16,"column":3}},"10":{"start":{"line":15,"column":3},"end":{"line":15,"column":38}},"11":{"start":{"line":18,"column":8},"end":{"line":18,"column":86}},"12":{"start":{"line":21,"column":4},"end":{"line":21,"column":82}},"13":{"start":{"line":22,"column":4},"end":{"line":22,"column":28}},"14":{"start":{"line":23,"column":1},"end":{"line":30,"column":5}},"15":{"start":{"line":26,"column":3},"end":{"line":26,"column":42}},"16":{"start":{"line":29,"column":3},"end":{"line":29,"column":53}},"17":{"start":{"line":32,"column":1},"end":{"line":32,"column":35}},"18":{"start":{"line":35,"column":21},"end":{"line":37,"column":1}},"19":{"start":{"line":36,"column":1},"end":{"line":36,"column":28}},"20":{"start":{"line":35,"column":13},"end":{"line":35,"column":21}}},"fnMap":{"0":{"name":"connectMongoDb","decl":{"start":{"line":3,"column":16},"end":{"line":3,"column":30}},"loc":{"start":{"line":3,"column":59},"end":{"line":33,"column":1}}},"1":{"name":"(anonymous_2)","decl":{"start":{"line":25,"column":8},"end":{"line":25,"column":11}},"loc":{"start":{"line":25,"column":13},"end":{"line":27,"column":3}}},"2":{"name":"(anonymous_3)","decl":{"start":{"line":28,"column":9},"end":{"line":28,"column":12}},"loc":{"start":{"line":28,"column":15},"end":{"line":30,"column":3}}},"3":{"name":"(anonymous_4)","decl":{"start":{"line":35,"column":21},"end":{"line":35,"column":24}},"loc":{"start":{"line":35,"column":26},"end":{"line":37,"column":1}}}},"branchMap":{"0":{"loc":{"start":{"line":3,"column":31},"end":{"line":3,"column":59}},"type":"default-arg","locations":[{"start":{"line":3,"column":42},"end":{"line":3,"column":59}}]},"1":{"loc":{"start":{"line":13,"column":1},"end":{"line":20,"column":2}},"type":"if","locations":[{"start":{"line":13,"column":1},"end":{"line":20,"column":2}}]},"2":{"loc":{"start":{"line":14,"column":2},"end":{"line":16,"column":3}},"type":"if","locations":[{"start":{"line":14,"column":2},"end":{"line":16,"column":3}}]}},"s":{"0":2,"1":2,"2":2,"3":2,"4":2,"5":2,"6":2,"7":2,"8":2,"9":0,"10":0,"11":0,"12":2,"13":2,"14":2,"15":2,"16":0,"17":2,"18":2,"19":0,"20":2},"f":{"0":2,"1":2,"2":0,"3":0},"b":{"0":[2],"1":[0],"2":[0]}}
,"C:\\Users\\Wolfe\\Documents\\FERI\\mag\\RIRS\\forks\\rirs-backend\\src\\models\\kpi.model.ts": {"path":"C:\\Users\\Wolfe\\Documents\\FERI\\mag\\RIRS\\forks\\rirs-backend\\src\\models\\kpi.model.ts","statementMap":{"0":{"start":{"line":1,"column":0},"end":{"line":1,"column":32}},"1":{"start":{"line":3,"column":18},"end":{"line":10,"column":4}},"2":{"start":{"line":12,"column":15},"end":{"line":12,"column":54}}},"fnMap":{},"branchMap":{},"s":{"0":2,"1":2,"2":2},"f":{},"b":{}}
,"C:\\Users\\Wolfe\\Documents\\FERI\\mag\\RIRS\\forks\\rirs-backend\\src\\models\\strosek.model.ts": {"path":"C:\\Users\\Wolfe\\Documents\\FERI\\mag\\RIRS\\forks\\rirs-backend\\src\\models\\strosek.model.ts","statementMap":{"0":{"start":{"line":1,"column":0},"end":{"line":1,"column":32}},"1":{"start":{"line":3,"column":22},"end":{"line":20,"column":4}},"2":{"start":{"line":12,"column":10},"end":{"line":12,"column":51}},"3":{"start":{"line":22,"column":15},"end":{"line":22,"column":66}}},"fnMap":{"0":{"name":"(anonymous_1)","decl":{"start":{"line":11,"column":19},"end":{"line":11,"column":20}},"loc":{"start":{"line":11,"column":34},"end":{"line":13,"column":9}}}},"branchMap":{},"s":{"0":3,"1":3,"2":7,"3":3},"f":{"0":7},"b":{}}
,"C:\\Users\\Wolfe\\Documents\\FERI\\mag\\RIRS\\forks\\rirs-backend\\src\\models\\zaposlen.model.ts": {"path":"C:\\Users\\Wolfe\\Documents\\FERI\\mag\\RIRS\\forks\\rirs-backend\\src\\models\\zaposlen.model.ts","statementMap":{"0":{"start":{"line":1,"column":0},"end":{"line":1,"column":32}},"1":{"start":{"line":3,"column":24},"end":{"line":9,"column":2}},"2":{"start":{"line":11,"column":13},"end":{"line":11,"column":70}}},"fnMap":{},"branchMap":{},"s":{"0":2,"1":2,"2":2},"f":{},"b":{}}
,"C:\\Users\\Wolfe\\Documents\\FERI\\mag\\RIRS\\forks\\rirs-backend\\src\\routes\\kpiRoutes.ts": {"path":"C:\\Users\\Wolfe\\Documents\\FERI\\mag\\RIRS\\forks\\rirs-backend\\src\\routes\\kpiRoutes.ts","statementMap":{"0":{"start":{"line":1,"column":0},"end":{"line":1,"column":30}},"1":{"start":{"line":3,"column":0},"end":{"line":3,"column":62}},"2":{"start":{"line":5,"column":15},"end":{"line":5,"column":31}},"3":{"start":{"line":29,"column":0},"end":{"line":29,"column":24}},"4":{"start":{"line":48,"column":0},"end":{"line":48,"column":28}},"5":{"start":{"line":50,"column":0},"end":{"line":50,"column":16}}},"fnMap":{},"branchMap":{},"s":{"0":2,"1":2,"2":2,"3":2,"4":2,"5":2},"f":{},"b":{}}
,"C:\\Users\\Wolfe\\Documents\\FERI\\mag\\RIRS\\forks\\rirs-backend\\src\\routes\\strosekRoutes.ts": {"path":"C:\\Users\\Wolfe\\Documents\\FERI\\mag\\RIRS\\forks\\rirs-backend\\src\\routes\\strosekRoutes.ts","statementMap":{"0":{"start":{"line":1,"column":0},"end":{"line":1,"column":30}},"1":{"start":{"line":3,"column":0},"end":{"line":3,"column":95}},"2":{"start":{"line":5,"column":15},"end":{"line":5,"column":31}},"3":{"start":{"line":29,"column":0},"end":{"line":29,"column":30}},"4":{"start":{"line":48,"column":0},"end":{"line":48,"column":34}},"5":{"start":{"line":81,"column":0},"end":{"line":81,"column":46}},"6":{"start":{"line":83,"column":0},"end":{"line":83,"column":16}}},"fnMap":{},"branchMap":{},"s":{"0":2,"1":2,"2":2,"3":2,"4":2,"5":2,"6":2},"f":{},"b":{}}
,"C:\\Users\\Wolfe\\Documents\\FERI\\mag\\RIRS\\forks\\rirs-backend\\src\\routes\\zaposleniRoutes.ts": {"path":"C:\\Users\\Wolfe\\Documents\\FERI\\mag\\RIRS\\forks\\rirs-backend\\src\\routes\\zaposleniRoutes.ts","statementMap":{"0":{"start":{"line":1,"column":0},"end":{"line":1,"column":30}},"1":{"start":{"line":3,"column":0},"end":{"line":3,"column":96}},"2":{"start":{"line":5,"column":15},"end":{"line":5,"column":31}},"3":{"start":{"line":29,"column":0},"end":{"line":29,"column":30}},"4":{"start":{"line":48,"column":0},"end":{"line":48,"column":34}},"5":{"start":{"line":81,"column":0},"end":{"line":81,"column":46}},"6":{"start":{"line":83,"column":0},"end":{"line":83,"column":16}}},"fnMap":{},"branchMap":{},"s":{"0":2,"1":2,"2":2,"3":2,"4":2,"5":2,"6":2},"f":{},"b":{}}
,"C:\\Users\\Wolfe\\Documents\\FERI\\mag\\RIRS\\forks\\rirs-backend\\src\\utils\\swaggerConfig.ts": {"path":"C:\\Users\\Wolfe\\Documents\\FERI\\mag\\RIRS\\forks\\rirs-backend\\src\\utils\\swaggerConfig.ts","statementMap":{"0":{"start":{"line":1,"column":0},"end":{"line":1,"column":41}},"1":{"start":{"line":3,"column":45},"end":{"line":23,"column":2}},"2":{"start":{"line":25,"column":20},"end":{"line":25,"column":48}},"3":{"start":{"line":26,"column":0},"end":{"line":26,"column":27}}},"fnMap":{},"branchMap":{},"s":{"0":2,"1":2,"2":2,"3":2},"f":{},"b":{}}
}
