TN:
SF:src\index.ts
FN:32,(anonymous_7)
FNF:1
FNH:0
FNDA:0,(anonymous_7)
DA:1,2
DA:2,2
DA:3,2
DA:4,2
DA:6,2
DA:7,2
DA:9,2
DA:10,2
DA:11,2
DA:13,2
DA:14,2
DA:16,2
DA:18,2
DA:19,2
DA:20,2
DA:22,2
DA:23,2
DA:24,2
DA:25,2
DA:27,2
DA:30,2
DA:32,2
DA:34,0
DA:35,0
DA:36,0
DA:37,0
DA:40,2
DA:42,2
DA:43,0
LF:29
LH:24
BRDA:42,0,0,0
BRF:1
BRH:0
end_of_record
TN:
SF:src\controllers\kpiController.ts
FN:5,(anonymous_7)
FN:5,(anonymous_8)
FN:17,(anonymous_9)
FN:17,(anonymous_10)
FNF:4
FNH:4
FNDA:2,(anonymous_7)
FNDA:2,(anonymous_8)
FNDA:2,(anonymous_9)
FNDA:2,(anonymous_10)
DA:3,2
DA:5,2
DA:6,2
DA:7,2
DA:8,2
DA:10,0
DA:17,2
DA:18,2
DA:19,2
DA:20,2
DA:21,1
DA:23,1
LF:12
LH:11
BRF:0
BRH:0
end_of_record
TN:
SF:src\controllers\strosekController.ts
FN:5,(anonymous_7)
FN:5,(anonymous_8)
FN:17,(anonymous_9)
FN:17,(anonymous_10)
FN:45,(anonymous_11)
FN:45,(anonymous_12)
FNF:6
FNH:4
FNDA:2,(anonymous_7)
FNDA:2,(anonymous_8)
FNDA:2,(anonymous_9)
FNDA:2,(anonymous_10)
FNDA:0,(anonymous_11)
FNDA:0,(anonymous_12)
DA:3,2
DA:5,2
DA:6,2
DA:7,2
DA:8,2
DA:10,0
DA:17,2
DA:18,2
DA:19,2
DA:29,2
DA:30,2
DA:31,1
DA:35,1
DA:38,1
DA:39,1
DA:41,0
DA:45,2
DA:46,0
DA:47,0
DA:48,0
DA:49,0
DA:54,0
LF:22
LH:15
BRDA:30,0,0,1
BRF:1
BRH:1
end_of_record
TN:
SF:src\controllers\zaposlenController.ts
FN:5,(anonymous_7)
FN:5,(anonymous_8)
FN:17,(anonymous_9)
FN:17,(anonymous_10)
FN:35,(anonymous_11)
FN:35,(anonymous_12)
FNF:6
FNH:0
FNDA:0,(anonymous_7)
FNDA:0,(anonymous_8)
FNDA:0,(anonymous_9)
FNDA:0,(anonymous_10)
FNDA:0,(anonymous_11)
FNDA:0,(anonymous_12)
DA:3,2
DA:5,2
DA:6,0
DA:7,0
DA:8,0
DA:10,0
DA:17,2
DA:18,0
DA:19,0
DA:25,0
DA:26,0
DA:28,0
DA:35,2
DA:36,0
DA:37,0
DA:38,0
DA:39,0
DA:44,0
LF:18
LH:4
BRF:0
BRH:0
end_of_record
TN:
SF:src\database\connection.ts
FN:3,connectMongoDb
FN:25,(anonymous_2)
FN:28,(anonymous_3)
FN:35,(anonymous_4)
FNF:4
FNH:2
FNDA:2,connectMongoDb
FNDA:2,(anonymous_2)
FNDA:0,(anonymous_3)
FNDA:0,(anonymous_4)
DA:1,2
DA:3,2
DA:5,2
DA:6,2
DA:7,2
DA:8,2
DA:9,2
DA:11,2
DA:13,2
DA:14,0
DA:15,0
DA:18,0
DA:21,2
DA:22,2
DA:23,2
DA:26,2
DA:29,0
DA:32,2
DA:35,2
DA:36,0
LF:20
LH:15
BRDA:3,0,0,2
BRDA:13,1,0,0
BRDA:14,2,0,0
BRF:3
BRH:1
end_of_record
TN:
SF:src\models\kpi.model.ts
FNF:0
FNH:0
DA:1,2
DA:3,2
DA:12,2
LF:3
LH:3
BRF:0
BRH:0
end_of_record
TN:
SF:src\models\strosek.model.ts
FN:11,(anonymous_1)
FNF:1
FNH:1
FNDA:7,(anonymous_1)
DA:1,3
DA:3,3
DA:12,7
DA:22,3
LF:4
LH:4
BRF:0
BRH:0
end_of_record
TN:
SF:src\models\zaposlen.model.ts
FNF:0
FNH:0
DA:1,2
DA:3,2
DA:11,2
LF:3
LH:3
BRF:0
BRH:0
end_of_record
TN:
SF:src\routes\kpiRoutes.ts
FNF:0
FNH:0
DA:1,2
DA:3,2
DA:5,2
DA:29,2
DA:48,2
DA:50,2
LF:6
LH:6
BRF:0
BRH:0
end_of_record
TN:
SF:src\routes\strosekRoutes.ts
FNF:0
FNH:0
DA:1,2
DA:3,2
DA:5,2
DA:29,2
DA:48,2
DA:81,2
DA:83,2
LF:7
LH:7
BRF:0
BRH:0
end_of_record
TN:
SF:src\routes\zaposleniRoutes.ts
FNF:0
FNH:0
DA:1,2
DA:3,2
DA:5,2
DA:29,2
DA:48,2
DA:81,2
DA:83,2
LF:7
LH:7
BRF:0
BRH:0
end_of_record
TN:
SF:src\utils\swaggerConfig.ts
FNF:0
FNH:0
DA:1,2
DA:3,2
DA:25,2
DA:26,2
LF:4
LH:4
BRF:0
BRH:0
end_of_record
